c:\users\kciul\desktop\ksggames\ksggames\ksggames\debug\vc141.pdb
c:\users\kciul\desktop\ksggames\ksggames\ksggames\debug\start.obj
c:\users\kciul\desktop\ksggames\ksggames\ksggames\debug\pgrmenu.obj
c:\users\kciul\desktop\ksggames\ksggames\ksggames\debug\monopoly.obj
c:\users\kciul\desktop\ksggames\ksggames\ksggames\debug\minesweeper.obj
c:\users\kciul\desktop\ksggames\ksggames\ksggames\debug\login.obj
c:\users\kciul\desktop\ksggames\ksggames\ksggames\debug\chess_rules.obj
c:\users\kciul\desktop\ksggames\ksggames\ksggames\debug\chess_bot.obj
c:\users\kciul\desktop\ksggames\ksggames\ksggames\debug\chess.obj
c:\users\kciul\desktop\ksggames\ksggames\ksggames\debug\.netframework,version=v4.6.1.assemblyattributes.obj
c:\users\kciul\desktop\ksggames\ksggames\ksggames\debug\.netframework,version=v4.6.1.assemblyattributes.asm
c:\users\pg4785sj\desktop\baigiamasis darbas\ksggames\ksggames\debug\ksggames.chess.resources
c:\users\pg4785sj\desktop\baigiamasis darbas\ksggames\ksggames\debug\ksggames.login.resources
c:\users\pg4785sj\desktop\baigiamasis darbas\ksggames\ksggames\debug\ksggames.minesweeper.resources
c:\users\pg4785sj\desktop\baigiamasis darbas\ksggames\ksggames\debug\ksggames.monopoly.resources
c:\users\pg4785sj\desktop\baigiamasis darbas\ksggames\ksggames\debug\ksggames.pgrmenu.resources
c:\users\pg4785sj\desktop\baigiamasis darbas\ksggames\ksggames\debug\ksggames.start.resources
c:\users\kciul\desktop\ksggames\ksggames\ksggames\debug\ksggames.chess.resources
c:\users\kciul\desktop\ksggames\ksggames\ksggames\debug\ksggames.login.resources
c:\users\kciul\desktop\ksggames\ksggames\ksggames\debug\ksggames.minesweeper.resources
c:\users\kciul\desktop\ksggames\ksggames\ksggames\debug\ksggames.monopoly.resources
c:\users\kciul\desktop\ksggames\ksggames\ksggames\debug\ksggames.pgrmenu.resources
c:\users\kciul\desktop\ksggames\ksggames\ksggames\debug\ksggames.start.resources
c:\users\pg4785sj\desktop\baigiamasis darbas\ksggames\debug\ksggames.exe
c:\users\pg4785sj\desktop\baigiamasis darbas\ksggames\debug\ksggames.pdb
c:\users\kciul\desktop\ksggames\ksggames\ksggames\debug\ksggames.vcxproj.generateresource.cache
c:\users\kciul\desktop\ksggames\ksggames\ksggames\debug\ksggames.vcxprojassemblyreference.cache
c:\users\kciul\desktop\ksggames\ksggames\ksggames\debug\register.obj
c:\users\kciul\desktop\ksggames\ksggames\ksggames\debug\ksggames.register.resources
c:\users\kciul\desktop\ksggames\ksggames\debug\ksggames.pdb
c:\users\kciul\desktop\ksggames\ksggames\ksggames\debug\ksggames.tlog\cl.command.1.tlog
c:\users\kciul\desktop\ksggames\ksggames\ksggames\debug\ksggames.tlog\cl.read.1.tlog
c:\users\kciul\desktop\ksggames\ksggames\ksggames\debug\ksggames.tlog\cl.write.1.tlog
c:\users\kciul\desktop\ksggames\ksggames\ksggames\debug\ksggames.tlog\ksggames.write.1u.tlog
c:\users\kciul\desktop\ksggames\ksggames\ksggames\debug\ksggames.tlog\link.9340-cvtres.read.1.tlog
c:\users\kciul\desktop\ksggames\ksggames\ksggames\debug\ksggames.tlog\link.9340-cvtres.write.1.tlog
c:\users\kciul\desktop\ksggames\ksggames\ksggames\debug\ksggames.tlog\link.9340-rc.read.1.tlog
c:\users\kciul\desktop\ksggames\ksggames\ksggames\debug\ksggames.tlog\link.9340-rc.write.1.tlog
c:\users\kciul\desktop\ksggames\ksggames\ksggames\debug\ksggames.tlog\link.9340.read.1.tlog
c:\users\kciul\desktop\ksggames\ksggames\ksggames\debug\ksggames.tlog\link.9340.write.1.tlog
c:\users\kciul\desktop\ksggames\ksggames\ksggames\debug\ksggames.tlog\link.command.1.tlog
c:\users\kciul\desktop\ksggames\ksggames\ksggames\debug\ksggames.tlog\link.read.1.tlog
c:\users\kciul\desktop\ksggames\ksggames\ksggames\debug\ksggames.tlog\link.write.1.tlog
c:\users\kciul\desktop\ksggames\ksggames\ksggames\debug\ksggames.tlog\metagen.read.1.tlog
c:\users\kciul\desktop\ksggames\ksggames\ksggames\debug\ksggames.tlog\metagen.write.1.tlog
