c:\users\kciul\desktop\ksggames\ksggames\ksggames\release\vc141.pdb
c:\users\kciul\desktop\ksggames\ksggames\ksggames\release\user.obj
c:\users\kciul\desktop\ksggames\ksggames\ksggames\release\start.obj
c:\users\kciul\desktop\ksggames\ksggames\ksggames\release\pgrmenu.obj
c:\users\kciul\desktop\ksggames\ksggames\ksggames\release\minesweeper_rules.obj
c:\users\kciul\desktop\ksggames\ksggames\ksggames\release\minesweeper.obj
c:\users\kciul\desktop\ksggames\ksggames\ksggames\release\login.obj
c:\users\kciul\desktop\ksggames\ksggames\ksggames\release\chess_rules.obj
c:\users\kciul\desktop\ksggames\ksggames\ksggames\release\chess_bot.obj
c:\users\kciul\desktop\ksggames\ksggames\ksggames\release\chessprac.obj
c:\users\kciul\desktop\ksggames\ksggames\ksggames\release\chess.obj
c:\users\kciul\desktop\ksggames\ksggames\ksggames\release\.netframework,version=v4.6.1.assemblyattributes.obj
c:\users\kciul\desktop\ksggames\ksggames\ksggames\release\.netframework,version=v4.6.1.assemblyattributes.asm
c:\users\kciul\desktop\ksggames\ksggames\ksggames\release\ksggames.chess.resources
c:\users\kciul\desktop\ksggames\ksggames\ksggames\release\ksggames.chessprac.resources
c:\users\kciul\desktop\ksggames\ksggames\ksggames\release\ksggames.login.resources
c:\users\kciul\desktop\ksggames\ksggames\ksggames\release\ksggames.minesweeper.resources
c:\users\kciul\desktop\ksggames\ksggames\ksggames\release\ksggames.pgrmenu.resources
c:\users\kciul\desktop\ksggames\ksggames\ksggames\release\ksggames.start.resources
c:\users\kciul\desktop\ksggames\ksggames\release\ksggames.exe
c:\users\kciul\desktop\ksggames\ksggames\release\ksggames.pdb
c:\users\kciul\desktop\ksggames\ksggames\ksggames\release\ksggames.tlog\metagen.write.1.tlog
c:\users\kciul\desktop\ksggames\ksggames\ksggames\release\ksggames.vcxproj.generateresource.cache
c:\users\kciul\desktop\ksggames\ksggames\ksggames\release\ksggames.vcxprojassemblyreference.cache
c:\users\kciul\desktop\ksggames\ksggames\ksggames\release\ksggames.tlog\cl.command.1.tlog
c:\users\kciul\desktop\ksggames\ksggames\ksggames\release\ksggames.tlog\cl.read.1.tlog
c:\users\kciul\desktop\ksggames\ksggames\ksggames\release\ksggames.tlog\cl.write.1.tlog
c:\users\kciul\desktop\ksggames\ksggames\ksggames\release\ksggames.tlog\ksggames.write.1u.tlog
c:\users\kciul\desktop\ksggames\ksggames\ksggames\release\ksggames.tlog\link.command.1.tlog
c:\users\kciul\desktop\ksggames\ksggames\ksggames\release\ksggames.tlog\link.read.1.tlog
c:\users\kciul\desktop\ksggames\ksggames\ksggames\release\ksggames.tlog\link.write.1.tlog
c:\users\kciul\desktop\ksggames\ksggames\ksggames\release\ksggames.tlog\metagen.read.1.tlog
c:\users\kciul\desktop\ksggames\ksggames\ksggames\release\ksggames.tlog\mysql.data.dll.metagen
